<?xml version="1.0" encoding="UTF-8"?>
<!-- Generated by org.testng.reporters.JUnitXMLReporter -->
<testsuite hostname="EC_C02MW11AFD58" name="Command line test" tests="20" failures="16" timestamp="10 Aug 2016 16:14:41 GMT" time="1047.768" errors="0">
  <testcase name="smoke06" time="45.261" classname="com.kohls.app.pro.Smoke.PluSmokeEightTest">
    <failure type="java.lang.AssertionError" message="TestCase PPR_100_189_Simple_Percent_off_TC_06failed">
      <![CDATA[java.lang.AssertionError: TestCase PPR_100_189_Simple_Percent_off_TC_06failed
	at org.junit.Assert.fail(Assert.java:88)
	at com.kohls.app.pro.Smoke.PluSmokeEightTest.smoke06(PluSmokeEightTest.java:88)
	at org.apache.maven.surefire.testng.TestNGExecutor.run(TestNGExecutor.java:77)
	at org.apache.maven.surefire.testng.TestNGDirectoryTestSuite.executeMulti(TestNGDirectoryTestSuite.java:189)
	at org.apache.maven.surefire.testng.TestNGDirectoryTestSuite.execute(TestNGDirectoryTestSuite.java:105)
	at org.apache.maven.surefire.testng.TestNGProvider.invoke(TestNGProvider.java:117)
	at org.apache.maven.surefire.util.ReflectionUtils.invokeMethodWithArray2(ReflectionUtils.java:208)
	at org.apache.maven.surefire.booter.ProviderFactory$ProviderProxy.invoke(ProviderFactory.java:158)
	at org.apache.maven.surefire.booter.ProviderFactory.invokeProvider(ProviderFactory.java:86)
	at org.apache.maven.surefire.booter.ForkedBooter.runSuitesInProcess(ForkedBooter.java:153)
	at org.apache.maven.surefire.booter.ForkedBooter.main(ForkedBooter.java:95)
... Removed 25 stack frames]]>
    </failure>
  </testcase> <!-- smoke06 -->
  <testcase name="smoke16" time="39.728" classname="com.kohls.app.pro.Smoke.PluSmokeEighteenTest">
    <failure type="java.lang.AssertionError" message="Ad Event page is not udpated">
      <![CDATA[java.lang.AssertionError: Ad Event page is not udpated
	at org.junit.Assert.fail(Assert.java:88)
	at com.kohls.app.pro.Smoke.AbstractTest.adEventSave(AbstractTest.java:327)
	at com.kohls.app.pro.Smoke.PluSmokeEighteenTest.smoke16(PluSmokeEighteenTest.java:82)
	at org.apache.maven.surefire.testng.TestNGExecutor.run(TestNGExecutor.java:77)
	at org.apache.maven.surefire.testng.TestNGDirectoryTestSuite.executeMulti(TestNGDirectoryTestSuite.java:189)
	at org.apache.maven.surefire.testng.TestNGDirectoryTestSuite.execute(TestNGDirectoryTestSuite.java:105)
	at org.apache.maven.surefire.testng.TestNGProvider.invoke(TestNGProvider.java:117)
	at org.apache.maven.surefire.util.ReflectionUtils.invokeMethodWithArray2(ReflectionUtils.java:208)
	at org.apache.maven.surefire.booter.ProviderFactory$ProviderProxy.invoke(ProviderFactory.java:158)
	at org.apache.maven.surefire.booter.ProviderFactory.invokeProvider(ProviderFactory.java:86)
	at org.apache.maven.surefire.booter.ForkedBooter.runSuitesInProcess(ForkedBooter.java:153)
	at org.apache.maven.surefire.booter.ForkedBooter.main(ForkedBooter.java:95)
... Removed 25 stack frames]]>
    </failure>
  </testcase> <!-- smoke16 -->
  <testcase name="smoke08" time="30.353" classname="com.kohls.app.pro.Smoke.PluSmokeElevenTest"/>
  <testcase name="smoke17" time="23.352" classname="com.kohls.app.pro.Smoke.PluSmokeFifteenTest">
    <failure type="java.lang.AssertionError" message="Pricing Strategy Page is not navigated">
      <![CDATA[java.lang.AssertionError: Pricing Strategy Page is not navigated
	at org.junit.Assert.fail(Assert.java:88)
	at com.kohls.app.pro.Smoke.AbstractTest.UpdatePriceDetailsPriceStrategyPage(AbstractTest.java:382)
	at com.kohls.app.pro.Smoke.PluSmokeFifteenTest.smoke17(PluSmokeFifteenTest.java:78)
	at org.apache.maven.surefire.testng.TestNGExecutor.run(TestNGExecutor.java:77)
	at org.apache.maven.surefire.testng.TestNGDirectoryTestSuite.executeMulti(TestNGDirectoryTestSuite.java:189)
	at org.apache.maven.surefire.testng.TestNGDirectoryTestSuite.execute(TestNGDirectoryTestSuite.java:105)
	at org.apache.maven.surefire.testng.TestNGProvider.invoke(TestNGProvider.java:117)
	at org.apache.maven.surefire.util.ReflectionUtils.invokeMethodWithArray2(ReflectionUtils.java:208)
	at org.apache.maven.surefire.booter.ProviderFactory$ProviderProxy.invoke(ProviderFactory.java:158)
	at org.apache.maven.surefire.booter.ProviderFactory.invokeProvider(ProviderFactory.java:86)
	at org.apache.maven.surefire.booter.ForkedBooter.runSuitesInProcess(ForkedBooter.java:153)
	at org.apache.maven.surefire.booter.ForkedBooter.main(ForkedBooter.java:95)
... Removed 25 stack frames]]>
    </failure>
  </testcase> <!-- smoke17 -->
  <testcase name="smoke11" time="30.888" classname="com.kohls.app.pro.Smoke.PluSmokeFiveTest">
    <failure type="java.lang.AssertionError" message="Pricing Strategy Page is not navigated">
      <![CDATA[java.lang.AssertionError: Pricing Strategy Page is not navigated
	at org.junit.Assert.fail(Assert.java:88)
	at com.kohls.app.pro.Smoke.AbstractTest.UpdatePriceDetailsPriceStrategyPage(AbstractTest.java:382)
	at com.kohls.app.pro.Smoke.PluSmokeFiveTest.smoke11(PluSmokeFiveTest.java:78)
	at org.apache.maven.surefire.testng.TestNGExecutor.run(TestNGExecutor.java:77)
	at org.apache.maven.surefire.testng.TestNGDirectoryTestSuite.executeMulti(TestNGDirectoryTestSuite.java:189)
	at org.apache.maven.surefire.testng.TestNGDirectoryTestSuite.execute(TestNGDirectoryTestSuite.java:105)
	at org.apache.maven.surefire.testng.TestNGProvider.invoke(TestNGProvider.java:117)
	at org.apache.maven.surefire.util.ReflectionUtils.invokeMethodWithArray2(ReflectionUtils.java:208)
	at org.apache.maven.surefire.booter.ProviderFactory$ProviderProxy.invoke(ProviderFactory.java:158)
	at org.apache.maven.surefire.booter.ProviderFactory.invokeProvider(ProviderFactory.java:86)
	at org.apache.maven.surefire.booter.ForkedBooter.runSuitesInProcess(ForkedBooter.java:153)
	at org.apache.maven.surefire.booter.ForkedBooter.main(ForkedBooter.java:95)
... Removed 25 stack frames]]>
    </failure>
  </testcase> <!-- smoke11 -->
  <testcase name="smoke01" time="19.699" classname="com.kohls.app.pro.Smoke.PluSmokeFourTest"/>
  <testcase name="smoke18" time="45.41" classname="com.kohls.app.pro.Smoke.PluSmokeFourteenTest">
    <failure type="java.lang.AssertionError" message="Ad Event page is not udpated">
      <![CDATA[java.lang.AssertionError: Ad Event page is not udpated
	at org.junit.Assert.fail(Assert.java:88)
	at com.kohls.app.pro.Smoke.AbstractTest.adEventSave(AbstractTest.java:327)
	at com.kohls.app.pro.Smoke.PluSmokeFourteenTest.smoke18(PluSmokeFourteenTest.java:81)
	at org.apache.maven.surefire.testng.TestNGExecutor.run(TestNGExecutor.java:77)
	at org.apache.maven.surefire.testng.TestNGDirectoryTestSuite.executeMulti(TestNGDirectoryTestSuite.java:189)
	at org.apache.maven.surefire.testng.TestNGDirectoryTestSuite.execute(TestNGDirectoryTestSuite.java:105)
	at org.apache.maven.surefire.testng.TestNGProvider.invoke(TestNGProvider.java:117)
	at org.apache.maven.surefire.util.ReflectionUtils.invokeMethodWithArray2(ReflectionUtils.java:208)
	at org.apache.maven.surefire.booter.ProviderFactory$ProviderProxy.invoke(ProviderFactory.java:158)
	at org.apache.maven.surefire.booter.ProviderFactory.invokeProvider(ProviderFactory.java:86)
	at org.apache.maven.surefire.booter.ForkedBooter.runSuitesInProcess(ForkedBooter.java:153)
	at org.apache.maven.surefire.booter.ForkedBooter.main(ForkedBooter.java:95)
... Removed 25 stack frames]]>
    </failure>
  </testcase> <!-- smoke18 -->
  <testcase name="smoke05" time="72.499" classname="com.kohls.app.pro.Smoke.PluSmokeNineTest">
    <failure type="java.lang.AssertionError" message="TestCase PPR_100_189_Simple_Price_point_TC_05failed">
      <![CDATA[java.lang.AssertionError: TestCase PPR_100_189_Simple_Price_point_TC_05failed
	at org.junit.Assert.fail(Assert.java:88)
	at com.kohls.app.pro.Smoke.PluSmokeNineTest.smoke05(PluSmokeNineTest.java:87)
	at org.apache.maven.surefire.testng.TestNGExecutor.run(TestNGExecutor.java:77)
	at org.apache.maven.surefire.testng.TestNGDirectoryTestSuite.executeMulti(TestNGDirectoryTestSuite.java:189)
	at org.apache.maven.surefire.testng.TestNGDirectoryTestSuite.execute(TestNGDirectoryTestSuite.java:105)
	at org.apache.maven.surefire.testng.TestNGProvider.invoke(TestNGProvider.java:117)
	at org.apache.maven.surefire.util.ReflectionUtils.invokeMethodWithArray2(ReflectionUtils.java:208)
	at org.apache.maven.surefire.booter.ProviderFactory$ProviderProxy.invoke(ProviderFactory.java:158)
	at org.apache.maven.surefire.booter.ProviderFactory.invokeProvider(ProviderFactory.java:86)
	at org.apache.maven.surefire.booter.ForkedBooter.runSuitesInProcess(ForkedBooter.java:153)
	at org.apache.maven.surefire.booter.ForkedBooter.main(ForkedBooter.java:95)
... Removed 25 stack frames]]>
    </failure>
  </testcase> <!-- smoke05 -->
  <testcase name="smoke15" time="61.998" classname="com.kohls.app.pro.Smoke.PluSmokeNineteenTest">
    <failure type="java.lang.AssertionError" message="Ad Event page is not udpated">
      <![CDATA[java.lang.AssertionError: Ad Event page is not udpated
	at org.junit.Assert.fail(Assert.java:88)
	at com.kohls.app.pro.Smoke.AbstractTest.adEventSave(AbstractTest.java:327)
	at com.kohls.app.pro.Smoke.PluSmokeNineteenTest.smoke15(PluSmokeNineteenTest.java:81)
	at org.apache.maven.surefire.testng.TestNGExecutor.run(TestNGExecutor.java:77)
	at org.apache.maven.surefire.testng.TestNGDirectoryTestSuite.executeMulti(TestNGDirectoryTestSuite.java:189)
	at org.apache.maven.surefire.testng.TestNGDirectoryTestSuite.execute(TestNGDirectoryTestSuite.java:105)
	at org.apache.maven.surefire.testng.TestNGProvider.invoke(TestNGProvider.java:117)
	at org.apache.maven.surefire.util.ReflectionUtils.invokeMethodWithArray2(ReflectionUtils.java:208)
	at org.apache.maven.surefire.booter.ProviderFactory$ProviderProxy.invoke(ProviderFactory.java:158)
	at org.apache.maven.surefire.booter.ProviderFactory.invokeProvider(ProviderFactory.java:86)
	at org.apache.maven.surefire.booter.ForkedBooter.runSuitesInProcess(ForkedBooter.java:153)
	at org.apache.maven.surefire.booter.ForkedBooter.main(ForkedBooter.java:95)
... Removed 25 stack frames]]>
    </failure>
  </testcase> <!-- smoke15 -->
  <testcase name="PPR_76_92_Item_list_Execution_screen_DEPT_MCL_SCL_MIN_PRICE_TC_02" time="28.074" classname="com.kohls.app.pro.Smoke.PluSmokeOneTest"/>
  <testcase name="smoke10" time="33.679" classname="com.kohls.app.pro.Smoke.PluSmokeSevenTest">
    <failure type="java.lang.AssertionError" message="TestCase PPR_100_189_Simple_Percent_off_Pricing_strategy_screen_TC_10failed">
      <![CDATA[java.lang.AssertionError: TestCase PPR_100_189_Simple_Percent_off_Pricing_strategy_screen_TC_10failed
	at org.junit.Assert.fail(Assert.java:88)
	at com.kohls.app.pro.Smoke.PluSmokeSevenTest.smoke10(PluSmokeSevenTest.java:84)
	at org.apache.maven.surefire.testng.TestNGExecutor.run(TestNGExecutor.java:77)
	at org.apache.maven.surefire.testng.TestNGDirectoryTestSuite.executeMulti(TestNGDirectoryTestSuite.java:189)
	at org.apache.maven.surefire.testng.TestNGDirectoryTestSuite.execute(TestNGDirectoryTestSuite.java:105)
	at org.apache.maven.surefire.testng.TestNGProvider.invoke(TestNGProvider.java:117)
	at org.apache.maven.surefire.util.ReflectionUtils.invokeMethodWithArray2(ReflectionUtils.java:208)
	at org.apache.maven.surefire.booter.ProviderFactory$ProviderProxy.invoke(ProviderFactory.java:158)
	at org.apache.maven.surefire.booter.ProviderFactory.invokeProvider(ProviderFactory.java:86)
	at org.apache.maven.surefire.booter.ForkedBooter.runSuitesInProcess(ForkedBooter.java:153)
	at org.apache.maven.surefire.booter.ForkedBooter.main(ForkedBooter.java:95)
... Removed 25 stack frames]]>
    </failure>
  </testcase> <!-- smoke10 -->
  <testcase name="smoke14" time="46.674" classname="com.kohls.app.pro.Smoke.PluSmokeSeventeenTest">
    <failure type="java.lang.AssertionError" message="Ad Event page is not udpated">
      <![CDATA[java.lang.AssertionError: Ad Event page is not udpated
	at org.junit.Assert.fail(Assert.java:88)
	at com.kohls.app.pro.Smoke.AbstractTest.adEventSave(AbstractTest.java:327)
	at com.kohls.app.pro.Smoke.PluSmokeSeventeenTest.smoke14(PluSmokeSeventeenTest.java:77)
	at org.apache.maven.surefire.testng.TestNGExecutor.run(TestNGExecutor.java:77)
	at org.apache.maven.surefire.testng.TestNGDirectoryTestSuite.executeMulti(TestNGDirectoryTestSuite.java:189)
	at org.apache.maven.surefire.testng.TestNGDirectoryTestSuite.execute(TestNGDirectoryTestSuite.java:105)
	at org.apache.maven.surefire.testng.TestNGProvider.invoke(TestNGProvider.java:117)
	at org.apache.maven.surefire.util.ReflectionUtils.invokeMethodWithArray2(ReflectionUtils.java:208)
	at org.apache.maven.surefire.booter.ProviderFactory$ProviderProxy.invoke(ProviderFactory.java:158)
	at org.apache.maven.surefire.booter.ProviderFactory.invokeProvider(ProviderFactory.java:86)
	at org.apache.maven.surefire.booter.ForkedBooter.runSuitesInProcess(ForkedBooter.java:153)
	at org.apache.maven.surefire.booter.ForkedBooter.main(ForkedBooter.java:95)
... Removed 25 stack frames]]>
    </failure>
  </testcase> <!-- smoke14 -->
  <testcase name="smoke07" time="89.719" classname="com.kohls.app.pro.Smoke.PluSmokeSixTest">
    <failure type="java.lang.AssertionError" message="Ad Event page is not udpated">
      <![CDATA[java.lang.AssertionError: Ad Event page is not udpated
	at org.junit.Assert.fail(Assert.java:88)
	at com.kohls.app.pro.Smoke.AbstractTest.adEventSave(AbstractTest.java:327)
	at com.kohls.app.pro.Smoke.PluSmokeSixTest.smoke07(PluSmokeSixTest.java:81)
	at org.apache.maven.surefire.testng.TestNGExecutor.run(TestNGExecutor.java:77)
	at org.apache.maven.surefire.testng.TestNGDirectoryTestSuite.executeMulti(TestNGDirectoryTestSuite.java:189)
	at org.apache.maven.surefire.testng.TestNGDirectoryTestSuite.execute(TestNGDirectoryTestSuite.java:105)
	at org.apache.maven.surefire.testng.TestNGProvider.invoke(TestNGProvider.java:117)
	at org.apache.maven.surefire.util.ReflectionUtils.invokeMethodWithArray2(ReflectionUtils.java:208)
	at org.apache.maven.surefire.booter.ProviderFactory$ProviderProxy.invoke(ProviderFactory.java:158)
	at org.apache.maven.surefire.booter.ProviderFactory.invokeProvider(ProviderFactory.java:86)
	at org.apache.maven.surefire.booter.ForkedBooter.runSuitesInProcess(ForkedBooter.java:153)
	at org.apache.maven.surefire.booter.ForkedBooter.main(ForkedBooter.java:95)
... Removed 25 stack frames]]>
    </failure>
  </testcase> <!-- smoke07 -->
  <testcase name="smoke19" time="80.751" classname="com.kohls.app.pro.Smoke.PluSmokeSixteenTest"/>
  <testcase name="smoke09" time="51.555" classname="com.kohls.app.pro.Smoke.PluSmokeTenTest">
    <failure type="java.lang.AssertionError" message="TestCase PPR_100_189_Simple_Price_point_Template_screen_TC_09failed">
      <![CDATA[java.lang.AssertionError: TestCase PPR_100_189_Simple_Price_point_Template_screen_TC_09failed
	at org.junit.Assert.fail(Assert.java:88)
	at com.kohls.app.pro.Smoke.PluSmokeTenTest.smoke09(PluSmokeTenTest.java:86)
	at org.apache.maven.surefire.testng.TestNGExecutor.run(TestNGExecutor.java:77)
	at org.apache.maven.surefire.testng.TestNGDirectoryTestSuite.executeMulti(TestNGDirectoryTestSuite.java:189)
	at org.apache.maven.surefire.testng.TestNGDirectoryTestSuite.execute(TestNGDirectoryTestSuite.java:105)
	at org.apache.maven.surefire.testng.TestNGProvider.invoke(TestNGProvider.java:117)
	at org.apache.maven.surefire.util.ReflectionUtils.invokeMethodWithArray2(ReflectionUtils.java:208)
	at org.apache.maven.surefire.booter.ProviderFactory$ProviderProxy.invoke(ProviderFactory.java:158)
	at org.apache.maven.surefire.booter.ProviderFactory.invokeProvider(ProviderFactory.java:86)
	at org.apache.maven.surefire.booter.ForkedBooter.runSuitesInProcess(ForkedBooter.java:153)
	at org.apache.maven.surefire.booter.ForkedBooter.main(ForkedBooter.java:95)
... Removed 25 stack frames]]>
    </failure>
  </testcase> <!-- smoke09 -->
  <testcase name="smoke20" time="39.433" classname="com.kohls.app.pro.Smoke.PluSmokeThirteenTest">
    <failure type="java.lang.AssertionError" message="Ad Event page is not udpated">
      <![CDATA[java.lang.AssertionError: Ad Event page is not udpated
	at org.junit.Assert.fail(Assert.java:88)
	at com.kohls.app.pro.Smoke.AbstractTest.adEventSave(AbstractTest.java:327)
	at com.kohls.app.pro.Smoke.PluSmokeThirteenTest.smoke20(PluSmokeThirteenTest.java:80)
	at org.apache.maven.surefire.testng.TestNGExecutor.run(TestNGExecutor.java:77)
	at org.apache.maven.surefire.testng.TestNGDirectoryTestSuite.executeMulti(TestNGDirectoryTestSuite.java:189)
	at org.apache.maven.surefire.testng.TestNGDirectoryTestSuite.execute(TestNGDirectoryTestSuite.java:105)
	at org.apache.maven.surefire.testng.TestNGProvider.invoke(TestNGProvider.java:117)
	at org.apache.maven.surefire.util.ReflectionUtils.invokeMethodWithArray2(ReflectionUtils.java:208)
	at org.apache.maven.surefire.booter.ProviderFactory$ProviderProxy.invoke(ProviderFactory.java:158)
	at org.apache.maven.surefire.booter.ProviderFactory.invokeProvider(ProviderFactory.java:86)
	at org.apache.maven.surefire.booter.ForkedBooter.runSuitesInProcess(ForkedBooter.java:153)
	at org.apache.maven.surefire.booter.ForkedBooter.main(ForkedBooter.java:95)
... Removed 25 stack frames]]>
    </failure>
  </testcase> <!-- smoke20 -->
  <testcase name="smoke04" time="51.094" classname="com.kohls.app.pro.Smoke.PluSmokeThreeTest">
    <failure type="java.lang.AssertionError" message="Ad Event is not popualted">
      <![CDATA[java.lang.AssertionError: Ad Event is not popualted
	at org.junit.Assert.fail(Assert.java:88)
	at com.kohls.app.pro.Smoke.AbstractTest.PopulateAdEvent(AbstractTest.java:283)
	at com.kohls.app.pro.Smoke.PluSmokeThreeTest.smoke04(PluSmokeThreeTest.java:77)
	at org.apache.maven.surefire.testng.TestNGExecutor.run(TestNGExecutor.java:77)
	at org.apache.maven.surefire.testng.TestNGDirectoryTestSuite.executeMulti(TestNGDirectoryTestSuite.java:189)
	at org.apache.maven.surefire.testng.TestNGDirectoryTestSuite.execute(TestNGDirectoryTestSuite.java:105)
	at org.apache.maven.surefire.testng.TestNGProvider.invoke(TestNGProvider.java:117)
	at org.apache.maven.surefire.util.ReflectionUtils.invokeMethodWithArray2(ReflectionUtils.java:208)
	at org.apache.maven.surefire.booter.ProviderFactory$ProviderProxy.invoke(ProviderFactory.java:158)
	at org.apache.maven.surefire.booter.ProviderFactory.invokeProvider(ProviderFactory.java:86)
	at org.apache.maven.surefire.booter.ForkedBooter.runSuitesInProcess(ForkedBooter.java:153)
	at org.apache.maven.surefire.booter.ForkedBooter.main(ForkedBooter.java:95)
... Removed 25 stack frames]]>
    </failure>
  </testcase> <!-- smoke04 -->
  <testcase name="smoke12" time="30.156" classname="com.kohls.app.pro.Smoke.PluSmokeTwelveTest">
    <failure type="java.lang.AssertionError" message="Pricing Strategy Page is not navigated">
      <![CDATA[java.lang.AssertionError: Pricing Strategy Page is not navigated
	at org.junit.Assert.fail(Assert.java:88)
	at com.kohls.app.pro.Smoke.AbstractTest.UpdatePriceDetailsPriceStrategyPage(AbstractTest.java:382)
	at com.kohls.app.pro.Smoke.PluSmokeTwelveTest.smoke12(PluSmokeTwelveTest.java:75)
	at org.apache.maven.surefire.testng.TestNGExecutor.run(TestNGExecutor.java:77)
	at org.apache.maven.surefire.testng.TestNGDirectoryTestSuite.executeMulti(TestNGDirectoryTestSuite.java:189)
	at org.apache.maven.surefire.testng.TestNGDirectoryTestSuite.execute(TestNGDirectoryTestSuite.java:105)
	at org.apache.maven.surefire.testng.TestNGProvider.invoke(TestNGProvider.java:117)
	at org.apache.maven.surefire.util.ReflectionUtils.invokeMethodWithArray2(ReflectionUtils.java:208)
	at org.apache.maven.surefire.booter.ProviderFactory$ProviderProxy.invoke(ProviderFactory.java:158)
	at org.apache.maven.surefire.booter.ProviderFactory.invokeProvider(ProviderFactory.java:86)
	at org.apache.maven.surefire.booter.ForkedBooter.runSuitesInProcess(ForkedBooter.java:153)
	at org.apache.maven.surefire.booter.ForkedBooter.main(ForkedBooter.java:95)
... Removed 25 stack frames]]>
    </failure>
  </testcase> <!-- smoke12 -->
  <testcase name="smoke13" time="35.795" classname="com.kohls.app.pro.Smoke.PluSmokeTwentyTest">
    <failure type="java.lang.AssertionError" message="TestCase Validate_price_in_strategy_screen_TC13failed">
      <![CDATA[java.lang.AssertionError: TestCase Validate_price_in_strategy_screen_TC13failed
	at org.junit.Assert.fail(Assert.java:88)
	at com.kohls.app.pro.Smoke.PluSmokeTwentyTest.smoke13(PluSmokeTwentyTest.java:84)
	at org.apache.maven.surefire.testng.TestNGExecutor.run(TestNGExecutor.java:77)
	at org.apache.maven.surefire.testng.TestNGDirectoryTestSuite.executeMulti(TestNGDirectoryTestSuite.java:189)
	at org.apache.maven.surefire.testng.TestNGDirectoryTestSuite.execute(TestNGDirectoryTestSuite.java:105)
	at org.apache.maven.surefire.testng.TestNGProvider.invoke(TestNGProvider.java:117)
	at org.apache.maven.surefire.util.ReflectionUtils.invokeMethodWithArray2(ReflectionUtils.java:208)
	at org.apache.maven.surefire.booter.ProviderFactory$ProviderProxy.invoke(ProviderFactory.java:158)
	at org.apache.maven.surefire.booter.ProviderFactory.invokeProvider(ProviderFactory.java:86)
	at org.apache.maven.surefire.booter.ForkedBooter.runSuitesInProcess(ForkedBooter.java:153)
	at org.apache.maven.surefire.booter.ForkedBooter.main(ForkedBooter.java:95)
... Removed 25 stack frames]]>
    </failure>
  </testcase> <!-- smoke13 -->
  <testcase name="PPR_76_92_Populate_Ad_Event_03" time="46.405" classname="com.kohls.app.pro.Smoke.PluSmokeTwoTest">
    <failure type="java.lang.AssertionError" message="Ad Event page is not udpated">
      <![CDATA[java.lang.AssertionError: Ad Event page is not udpated
	at org.junit.Assert.fail(Assert.java:88)
	at com.kohls.app.pro.Smoke.AbstractTest.adEventSave(AbstractTest.java:327)
	at com.kohls.app.pro.Smoke.PluSmokeTwoTest.PPR_76_92_Populate_Ad_Event_03(PluSmokeTwoTest.java:80)
	at org.apache.maven.surefire.testng.TestNGExecutor.run(TestNGExecutor.java:77)
	at org.apache.maven.surefire.testng.TestNGDirectoryTestSuite.executeMulti(TestNGDirectoryTestSuite.java:189)
	at org.apache.maven.surefire.testng.TestNGDirectoryTestSuite.execute(TestNGDirectoryTestSuite.java:105)
	at org.apache.maven.surefire.testng.TestNGProvider.invoke(TestNGProvider.java:117)
	at org.apache.maven.surefire.util.ReflectionUtils.invokeMethodWithArray2(ReflectionUtils.java:208)
	at org.apache.maven.surefire.booter.ProviderFactory$ProviderProxy.invoke(ProviderFactory.java:158)
	at org.apache.maven.surefire.booter.ProviderFactory.invokeProvider(ProviderFactory.java:86)
	at org.apache.maven.surefire.booter.ForkedBooter.runSuitesInProcess(ForkedBooter.java:153)
	at org.apache.maven.surefire.booter.ForkedBooter.main(ForkedBooter.java:95)
... Removed 25 stack frames]]>
    </failure>
  </testcase> <!-- PPR_76_92_Populate_Ad_Event_03 -->
</testsuite> <!-- Command line test -->
